<?xml version="1.0" encoding="UTF-8"?>
<!-- Generated by org.testng.reporters.JUnitReportReporter -->
<testsuite skipped="0" hostname="MyPC" name="com.tmb.testcases.AmazonDemoTest" tests="1" failures="0" timestamp="28 Jun 2021 02:53:27 GMT" time="67.748" errors="0">
  <testcase name="amazonTest" time="67.748" classname="com.tmb.testcases.AmazonDemoTest"/>
</testsuite> <!-- com.tmb.testcases.AmazonDemoTest -->
