<?xml version="1.0" encoding="UTF-8"?>
<!-- Generated by org.testng.reporters.JUnitReportReporter -->
<testsuite skipped="0" hostname="MyPC" name="com.tmb.testcases.AmazonDemoTest" tests="1" failures="0" timestamp="24 Jun 2021 12:57:00 GMT" time="18.063" errors="0">
  <testcase name="amazonTest" time="18.063" classname="com.tmb.testcases.AmazonDemoTest"/>
</testsuite> <!-- com.tmb.testcases.AmazonDemoTest -->
