<?xml version="1.0" encoding="UTF-8"?>
<!-- Generated by org.testng.reporters.JUnitReportReporter -->
<testsuite skipped="0" hostname="MyPC" name="com.tmb.testcases.AmazonDemoTest" tests="1" failures="0" timestamp="25 Jun 2021 03:41:21 GMT" time="25.257" errors="0">
  <testcase name="amazonTest" time="25.257" classname="com.tmb.testcases.AmazonDemoTest"/>
</testsuite> <!-- com.tmb.testcases.AmazonDemoTest -->
