<?xml version="1.0" encoding="UTF-8"?>
<!-- Generated by org.testng.reporters.JUnitReportReporter -->
<testsuite skipped="0" hostname="MyPC" name="com.tmb.testcases.DockerDemoTest" tests="2" failures="0" timestamp="01 Jul 2021 04:24:43 GMT" time="24.270" errors="0">
  <testcase name="simpleTest1" time="14.258" classname="com.tmb.testcases.DockerDemoTest"/>
  <testcase name="simpleTest" time="10.012" classname="com.tmb.testcases.DockerDemoTest"/>
</testsuite> <!-- com.tmb.testcases.DockerDemoTest -->
