<?xml version="1.0" encoding="UTF-8"?>
<!-- Generated by org.testng.reporters.JUnitReportReporter -->
<testsuite skipped="0" hostname="MyPC" name="com.tmb.testcases.AmazonDemoTest" tests="1" failures="0" timestamp="26 Jun 2021 04:09:32 GMT" time="17.205" errors="0">
  <testcase name="amazonTest" time="17.205" classname="com.tmb.testcases.AmazonDemoTest"/>
</testsuite> <!-- com.tmb.testcases.AmazonDemoTest -->
