<?xml version="1.0" encoding="UTF-8"?>
<!-- Generated by org.testng.reporters.JUnitReportReporter -->
<testsuite skipped="0" hostname="MyPC" name="com.tmb.testcases.LoginPageTests" tests="2" failures="0" timestamp="08 Jun 2021 03:25:06 GMT" time="168.968" errors="0">
  <testcase name="test2" time="80.545" classname="com.tmb.testcases.LoginPageTests"/>
  <testcase name="test1" time="88.423" classname="com.tmb.testcases.LoginPageTests"/>
</testsuite> <!-- com.tmb.testcases.LoginPageTests -->
